<?xml version="1.0" encoding="UTF-8"?>
<coverage generated="1730712713787" clover="3.2.0">
  <project timestamp="1730712713788" name="All files">
    <metrics statements="133" coveredstatements="130" conditionals="58" coveredconditionals="52" methods="39" coveredmethods="39" elements="230" coveredelements="221" complexity="0" loc="133" ncloc="133" packages="1" files="8" classes="8"/>
    <file name="App.js" path="D:\우테코프리코스\javascript-lotto-7\src\App.js">
      <metrics statements="30" coveredstatements="28" conditionals="0" coveredconditionals="0" methods="2" coveredmethods="2"/>
      <line num="7" count="1" type="stmt"/>
      <line num="20" count="2" type="stmt"/>
      <line num="21" count="2" type="stmt"/>
      <line num="22" count="2" type="stmt"/>
      <line num="23" count="2" type="stmt"/>
      <line num="27" count="2" type="stmt"/>
      <line num="28" count="2" type="stmt"/>
      <line num="31" count="2" type="stmt"/>
      <line num="32" count="3" type="stmt"/>
      <line num="33" count="3" type="stmt"/>
      <line num="34" count="2" type="stmt"/>
      <line num="36" count="1" type="stmt"/>
      <line num="39" count="2" type="stmt"/>
      <line num="41" count="9" type="stmt"/>
      <line num="43" count="2" type="stmt"/>
      <line num="44" count="2" type="stmt"/>
      <line num="45" count="2" type="stmt"/>
      <line num="46" count="2" type="stmt"/>
      <line num="47" count="2" type="stmt"/>
      <line num="48" count="2" type="stmt"/>
      <line num="50" count="0" type="stmt"/>
      <line num="53" count="2" type="stmt"/>
      <line num="54" count="2" type="stmt"/>
      <line num="55" count="2" type="stmt"/>
      <line num="56" count="2" type="stmt"/>
      <line num="58" count="0" type="stmt"/>
      <line num="62" count="2" type="stmt"/>
      <line num="63" count="2" type="stmt"/>
      <line num="65" count="2" type="stmt"/>
      <line num="66" count="2" type="stmt"/>
    </file>
    <file name="Constant.js" path="D:\우테코프리코스\javascript-lotto-7\src\Constant.js">
      <metrics statements="3" coveredstatements="3" conditionals="0" coveredconditionals="0" methods="0" coveredmethods="0"/>
      <line num="1" count="3" type="stmt"/>
      <line num="10" count="3" type="stmt"/>
      <line num="19" count="3" type="stmt"/>
    </file>
    <file name="ErrorMessage.js" path="D:\우테코프리코스\javascript-lotto-7\src\ErrorMessage.js">
      <metrics statements="5" coveredstatements="5" conditionals="0" coveredconditionals="0" methods="0" coveredmethods="0"/>
      <line num="1" count="5" type="stmt"/>
      <line num="7" count="5" type="stmt"/>
      <line num="16" count="5" type="stmt"/>
      <line num="23" count="5" type="stmt"/>
      <line num="31" count="5" type="stmt"/>
    </file>
    <file name="FormatOutput.js" path="D:\우테코프리코스\javascript-lotto-7\src\FormatOutput.js">
      <metrics statements="14" coveredstatements="14" conditionals="0" coveredconditionals="0" methods="7" coveredmethods="7"/>
      <line num="9" count="3" type="stmt"/>
      <line num="10" count="3" type="stmt"/>
      <line num="14" count="3" type="stmt"/>
      <line num="15" count="18" type="stmt"/>
      <line num="17" count="15" type="stmt"/>
      <line num="20" count="15" type="stmt"/>
      <line num="21" count="15" type="stmt"/>
      <line num="24" count="15" type="stmt"/>
      <line num="26" count="3" type="stmt"/>
      <line num="28" count="18" type="stmt"/>
      <line num="30" count="15" type="stmt"/>
      <line num="35" count="3" type="stmt"/>
      <line num="36" count="3" type="stmt"/>
      <line num="37" count="3" type="stmt"/>
    </file>
    <file name="Lotto.js" path="D:\우테코프리코스\javascript-lotto-7\src\Lotto.js">
      <metrics statements="26" coveredstatements="26" conditionals="28" coveredconditionals="24" methods="6" coveredmethods="6"/>
      <line num="7" count="15" type="stmt"/>
      <line num="8" count="10" type="stmt"/>
      <line num="12" count="15" type="cond" truecount="2" falsecount="0"/>
      <line num="13" count="1" type="stmt"/>
      <line num="15" count="14" type="stmt"/>
      <line num="16" count="75" type="stmt"/>
      <line num="17" count="75" type="cond" truecount="2" falsecount="0"/>
      <line num="18" count="1" type="stmt"/>
      <line num="20" count="74" type="cond" truecount="2" falsecount="0"/>
      <line num="21" count="1" type="stmt"/>
      <line num="23" count="73" type="cond" truecount="4" falsecount="0"/>
      <line num="24" count="1" type="stmt"/>
      <line num="26" count="72" type="cond" truecount="2" falsecount="0"/>
      <line num="27" count="71" type="stmt"/>
      <line num="28" count="71" type="stmt"/>
      <line num="33" count="56" type="stmt"/>
      <line num="37" count="10" type="stmt"/>
      <line num="39" count="60" type="cond" truecount="2" falsecount="0"/>
      <line num="40" count="47" type="cond" truecount="2" falsecount="0"/>
      <line num="41" count="60" type="stmt"/>
      <line num="45" count="10" type="cond" truecount="2" falsecount="0"/>
      <line num="46" count="9" type="cond" truecount="2" falsecount="2"/>
      <line num="47" count="9" type="cond" truecount="1" falsecount="1"/>
      <line num="48" count="9" type="cond" truecount="1" falsecount="1"/>
      <line num="49" count="9" type="cond" truecount="2" falsecount="0"/>
      <line num="50" count="8" type="stmt"/>
    </file>
    <file name="ParseInput.js" path="D:\우테코프리코스\javascript-lotto-7\src\ParseInput.js">
      <metrics statements="32" coveredstatements="32" conditionals="26" coveredconditionals="25" methods="11" coveredmethods="11"/>
      <line num="7" count="3" type="stmt"/>
      <line num="8" count="3" type="stmt"/>
      <line num="9" count="3" type="stmt"/>
      <line num="12" count="9" type="stmt"/>
      <line num="13" count="9" type="stmt"/>
      <line num="14" count="9" type="cond" truecount="2" falsecount="0"/>
      <line num="15" count="6" type="cond" truecount="2" falsecount="0"/>
      <line num="16" count="4" type="cond" truecount="2" falsecount="0"/>
      <line num="17" count="3" type="stmt"/>
      <line num="18" count="3" type="stmt"/>
      <line num="22" count="4" type="stmt"/>
      <line num="23" count="24" type="stmt"/>
      <line num="25" count="22" type="cond" truecount="2" falsecount="0"/>
      <line num="26" count="21" type="stmt"/>
      <line num="27" count="21" type="stmt"/>
      <line num="29" count="3" type="stmt"/>
      <line num="33" count="12" type="cond" truecount="1" falsecount="1"/>
      <line num="34" count="12" type="stmt"/>
      <line num="35" count="12" type="cond" truecount="2" falsecount="0"/>
      <line num="36" count="61" type="cond" truecount="2" falsecount="0"/>
      <line num="37" count="60" type="cond" truecount="4" falsecount="0"/>
      <line num="38" count="5" type="stmt"/>
      <line num="39" count="30" type="stmt"/>
      <line num="40" count="25" type="cond" truecount="2" falsecount="0"/>
      <line num="41" count="4" type="stmt"/>
      <line num="44" count="10" type="stmt"/>
      <line num="45" count="10" type="stmt"/>
      <line num="46" count="10" type="cond" truecount="2" falsecount="0"/>
      <line num="47" count="9" type="cond" truecount="2" falsecount="0"/>
      <line num="48" count="6" type="cond" truecount="2" falsecount="0"/>
      <line num="49" count="5" type="stmt"/>
      <line num="50" count="5" type="stmt"/>
    </file>
    <file name="PickUp.js" path="D:\우테코프리코스\javascript-lotto-7\src\PickUp.js">
      <metrics statements="18" coveredstatements="18" conditionals="2" coveredconditionals="2" methods="10" coveredmethods="10"/>
      <line num="11" count="3" type="stmt"/>
      <line num="12" count="3" type="stmt"/>
      <line num="13" count="3" type="stmt"/>
      <line num="16" count="1" type="stmt"/>
      <line num="20" count="3" type="stmt"/>
      <line num="21" count="3" type="stmt"/>
      <line num="25" count="1" type="stmt"/>
      <line num="29" count="3" type="stmt"/>
      <line num="30" count="3" type="stmt"/>
      <line num="34" count="5" type="stmt"/>
      <line num="37" count="10" type="stmt"/>
      <line num="40" count="3" type="stmt"/>
      <line num="41" count="10" type="stmt"/>
      <line num="43" count="10" type="cond" truecount="2" falsecount="0"/>
      <line num="44" count="4" type="stmt"/>
      <line num="45" count="4" type="stmt"/>
      <line num="47" count="6" type="stmt"/>
      <line num="48" count="6" type="stmt"/>
    </file>
    <file name="Utils.js" path="D:\우테코프리코스\javascript-lotto-7\src\Utils.js">
      <metrics statements="5" coveredstatements="4" conditionals="2" coveredconditionals="1" methods="3" coveredmethods="3"/>
      <line num="5" count="2" type="cond" truecount="1" falsecount="1"/>
      <line num="6" count="0" type="stmt"/>
      <line num="7" count="2" type="stmt"/>
      <line num="8" count="9" type="stmt"/>
      <line num="13" count="23" type="stmt"/>
    </file>
  </project>
</coverage>
