{"D:\\우테코프리코스\\javascript-lotto-7\\src\\App.js": {"path":"D:\\우테코프리코스\\javascript-lotto-7\\src\\App.js","statementMap":{"0":{"start":{"line":7,"column":16},"end":{"line":12,"column":1}},"1":{"start":{"line":20,"column":4},"end":{"line":20,"column":23}},"2":{"start":{"line":21,"column":4},"end":{"line":21,"column":25}},"3":{"start":{"line":22,"column":4},"end":{"line":22,"column":28}},"4":{"start":{"line":23,"column":4},"end":{"line":23,"column":25}},"5":{"start":{"line":27,"column":24},"end":{"line":27,"column":40}},"6":{"start":{"line":28,"column":27},"end":{"line":28,"column":39}},"7":{"start":{"line":31,"column":4},"end":{"line":38,"column":5}},"8":{"start":{"line":32,"column":6},"end":{"line":37,"column":7}},"9":{"start":{"line":33,"column":8},"end":{"line":33,"column":94}},"10":{"start":{"line":34,"column":8},"end":{"line":34,"column":14}},"11":{"start":{"line":36,"column":8},"end":{"line":36,"column":33}},"12":{"start":{"line":39,"column":4},"end":{"line":42,"column":5}},"13":{"start":{"line":39,"column":21},"end":{"line":39,"column":37}},"14":{"start":{"line":41,"column":6},"end":{"line":41,"column":28}},"15":{"start":{"line":43,"column":4},"end":{"line":43,"column":73}},"16":{"start":{"line":44,"column":4},"end":{"line":44,"column":53}},"17":{"start":{"line":45,"column":4},"end":{"line":52,"column":5}},"18":{"start":{"line":46,"column":6},"end":{"line":51,"column":7}},"19":{"start":{"line":47,"column":8},"end":{"line":47,"column":100}},"20":{"start":{"line":48,"column":8},"end":{"line":48,"column":14}},"21":{"start":{"line":50,"column":8},"end":{"line":50,"column":33}},"22":{"start":{"line":53,"column":4},"end":{"line":60,"column":5}},"23":{"start":{"line":54,"column":6},"end":{"line":59,"column":7}},"24":{"start":{"line":55,"column":8},"end":{"line":55,"column":94}},"25":{"start":{"line":56,"column":8},"end":{"line":56,"column":14}},"26":{"start":{"line":58,"column":8},"end":{"line":58,"column":33}},"27":{"start":{"line":62,"column":4},"end":{"line":62,"column":77}},"28":{"start":{"line":63,"column":27},"end":{"line":63,"column":92}},"29":{"start":{"line":65,"column":4},"end":{"line":65,"column":34}},"30":{"start":{"line":66,"column":4},"end":{"line":66,"column":27}}},"fnMap":{"0":{"name":"(anonymous_0)","decl":{"start":{"line":19,"column":2},"end":{"line":19,"column":3}},"loc":{"start":{"line":19,"column":16},"end":{"line":24,"column":3}},"line":19},"1":{"name":"(anonymous_1)","decl":{"start":{"line":26,"column":2},"end":{"line":26,"column":3}},"loc":{"start":{"line":26,"column":14},"end":{"line":67,"column":3}},"line":26}},"branchMap":{},"s":{"0":1,"1":2,"2":2,"3":2,"4":2,"5":2,"6":2,"7":2,"8":3,"9":3,"10":2,"11":1,"12":2,"13":2,"14":9,"15":2,"16":2,"17":2,"18":2,"19":2,"20":2,"21":0,"22":2,"23":2,"24":2,"25":2,"26":0,"27":2,"28":2,"29":2,"30":2},"f":{"0":2,"1":2},"b":{},"_coverageSchema":"1a1c01bbd47fc00a2c39e90264f33305004495a9","hash":"e0ac7cd3157640516b57944f018e26b3ee64e572"}
,"D:\\우테코프리코스\\javascript-lotto-7\\src\\Constant.js": {"path":"D:\\우테코프리코스\\javascript-lotto-7\\src\\Constant.js","statementMap":{"0":{"start":{"line":1,"column":34},"end":{"line":8,"column":1}},"1":{"start":{"line":10,"column":22},"end":{"line":17,"column":1}},"2":{"start":{"line":19,"column":42},"end":{"line":26,"column":1}}},"fnMap":{},"branchMap":{},"s":{"0":3,"1":3,"2":3},"f":{},"b":{},"_coverageSchema":"1a1c01bbd47fc00a2c39e90264f33305004495a9","hash":"1fb95f61a0eb431b994800f44d65546805b5ebe7"}
,"D:\\우테코프리코스\\javascript-lotto-7\\src\\ErrorMessage.js": {"path":"D:\\우테코프리코스\\javascript-lotto-7\\src\\ErrorMessage.js","statementMap":{"0":{"start":{"line":1,"column":41},"end":{"line":5,"column":1}},"1":{"start":{"line":7,"column":43},"end":{"line":14,"column":1}},"2":{"start":{"line":16,"column":41},"end":{"line":21,"column":1}},"3":{"start":{"line":23,"column":44},"end":{"line":29,"column":1}},"4":{"start":{"line":31,"column":43},"end":{"line":33,"column":1}}},"fnMap":{},"branchMap":{},"s":{"0":5,"1":5,"2":5,"3":5,"4":5},"f":{},"b":{},"_coverageSchema":"1a1c01bbd47fc00a2c39e90264f33305004495a9","hash":"18940586cd2d733366b84fd49e055219d725958c"}
,"D:\\우테코프리코스\\javascript-lotto-7\\src\\FormatOutput.js": {"path":"D:\\우테코프리코스\\javascript-lotto-7\\src\\FormatOutput.js","statementMap":{"0":{"start":{"line":9,"column":4},"end":{"line":9,"column":24}},"1":{"start":{"line":10,"column":4},"end":{"line":10,"column":26}},"2":{"start":{"line":14,"column":25},"end":{"line":25,"column":15}},"3":{"start":{"line":15,"column":24},"end":{"line":15,"column":43}},"4":{"start":{"line":17,"column":24},"end":{"line":19,"column":11}},"5":{"start":{"line":20,"column":8},"end":{"line":20,"column":31}},"6":{"start":{"line":21,"column":8},"end":{"line":21,"column":23}},"7":{"start":{"line":24,"column":8},"end":{"line":24,"column":41}},"8":{"start":{"line":26,"column":19},"end":{"line":34,"column":16}},"9":{"start":{"line":28,"column":26},"end":{"line":28,"column":45}},"10":{"start":{"line":30,"column":10},"end":{"line":30,"column":66}},"11":{"start":{"line":35,"column":19},"end":{"line":35,"column":57}},"12":{"start":{"line":36,"column":4},"end":{"line":36,"column":26}},"13":{"start":{"line":37,"column":4},"end":{"line":37,"column":40}}},"fnMap":{"0":{"name":"(anonymous_0)","decl":{"start":{"line":8,"column":2},"end":{"line":8,"column":3}},"loc":{"start":{"line":8,"column":29},"end":{"line":11,"column":3}},"line":8},"1":{"name":"(anonymous_1)","decl":{"start":{"line":13,"column":2},"end":{"line":13,"column":3}},"loc":{"start":{"line":13,"column":10},"end":{"line":38,"column":3}},"line":13},"2":{"name":"(anonymous_2)","decl":{"start":{"line":15,"column":14},"end":{"line":15,"column":15}},"loc":{"start":{"line":15,"column":24},"end":{"line":15,"column":43}},"line":15},"3":{"name":"(anonymous_3)","decl":{"start":{"line":16,"column":11},"end":{"line":16,"column":12}},"loc":{"start":{"line":16,"column":21},"end":{"line":22,"column":7}},"line":16},"4":{"name":"(anonymous_4)","decl":{"start":{"line":23,"column":14},"end":{"line":23,"column":15}},"loc":{"start":{"line":23,"column":37},"end":{"line":25,"column":7}},"line":23},"5":{"name":"(anonymous_5)","decl":{"start":{"line":28,"column":16},"end":{"line":28,"column":17}},"loc":{"start":{"line":28,"column":26},"end":{"line":28,"column":45}},"line":28},"6":{"name":"(anonymous_6)","decl":{"start":{"line":29,"column":16},"end":{"line":29,"column":17}},"loc":{"start":{"line":29,"column":39},"end":{"line":31,"column":9}},"line":29}},"branchMap":{},"s":{"0":3,"1":3,"2":3,"3":18,"4":15,"5":15,"6":15,"7":15,"8":3,"9":18,"10":15,"11":3,"12":3,"13":3},"f":{"0":3,"1":3,"2":18,"3":15,"4":15,"5":18,"6":15},"b":{},"_coverageSchema":"1a1c01bbd47fc00a2c39e90264f33305004495a9","hash":"fd0e84eccc5f58e7a31b96a3d459926c181b6f14"}
,"D:\\우테코프리코스\\javascript-lotto-7\\src\\Lotto.js": {"path":"D:\\우테코프리코스\\javascript-lotto-7\\src\\Lotto.js","statementMap":{"0":{"start":{"line":7,"column":4},"end":{"line":7,"column":28}},"1":{"start":{"line":8,"column":4},"end":{"line":8,"column":28}},"2":{"start":{"line":12,"column":4},"end":{"line":14,"column":5}},"3":{"start":{"line":13,"column":6},"end":{"line":13,"column":66}},"4":{"start":{"line":15,"column":4},"end":{"line":29,"column":11}},"5":{"start":{"line":16,"column":31},"end":{"line":16,"column":50}},"6":{"start":{"line":17,"column":6},"end":{"line":19,"column":7}},"7":{"start":{"line":18,"column":8},"end":{"line":18,"column":58}},"8":{"start":{"line":20,"column":6},"end":{"line":22,"column":7}},"9":{"start":{"line":21,"column":8},"end":{"line":21,"column":65}},"10":{"start":{"line":23,"column":6},"end":{"line":25,"column":7}},"11":{"start":{"line":24,"column":8},"end":{"line":24,"column":65}},"12":{"start":{"line":26,"column":6},"end":{"line":26,"column":95}},"13":{"start":{"line":26,"column":38},"end":{"line":26,"column":95}},"14":{"start":{"line":27,"column":6},"end":{"line":27,"column":29}},"15":{"start":{"line":28,"column":6},"end":{"line":28,"column":22}},"16":{"start":{"line":33,"column":4},"end":{"line":33,"column":47}},"17":{"start":{"line":33,"column":40},"end":{"line":33,"column":45}},"18":{"start":{"line":37,"column":19},"end":{"line":44,"column":5}},"19":{"start":{"line":39,"column":8},"end":{"line":40,"column":55}},"20":{"start":{"line":39,"column":38},"end":{"line":39,"column":55}},"21":{"start":{"line":40,"column":13},"end":{"line":40,"column":55}},"22":{"start":{"line":40,"column":36},"end":{"line":40,"column":55}},"23":{"start":{"line":41,"column":8},"end":{"line":41,"column":24}},"24":{"start":{"line":45,"column":4},"end":{"line":49,"column":39}},"25":{"start":{"line":45,"column":25},"end":{"line":45,"column":34}},"26":{"start":{"line":46,"column":9},"end":{"line":49,"column":39}},"27":{"start":{"line":46,"column":43},"end":{"line":46,"column":52}},"28":{"start":{"line":47,"column":9},"end":{"line":49,"column":39}},"29":{"start":{"line":47,"column":30},"end":{"line":47,"column":39}},"30":{"start":{"line":48,"column":9},"end":{"line":49,"column":39}},"31":{"start":{"line":48,"column":30},"end":{"line":48,"column":39}},"32":{"start":{"line":49,"column":9},"end":{"line":49,"column":39}},"33":{"start":{"line":49,"column":30},"end":{"line":49,"column":39}},"34":{"start":{"line":50,"column":4},"end":{"line":50,"column":13}}},"fnMap":{"0":{"name":"(anonymous_0)","decl":{"start":{"line":6,"column":2},"end":{"line":6,"column":3}},"loc":{"start":{"line":6,"column":23},"end":{"line":9,"column":3}},"line":6},"1":{"name":"(anonymous_1)","decl":{"start":{"line":15,"column":19},"end":{"line":15,"column":20}},"loc":{"start":{"line":15,"column":42},"end":{"line":29,"column":5}},"line":15},"2":{"name":"(anonymous_2)","decl":{"start":{"line":32,"column":2},"end":{"line":32,"column":3}},"loc":{"start":{"line":32,"column":15},"end":{"line":34,"column":3}},"line":32},"3":{"name":"(anonymous_3)","decl":{"start":{"line":33,"column":30},"end":{"line":33,"column":31}},"loc":{"start":{"line":33,"column":40},"end":{"line":33,"column":45}},"line":33},"4":{"name":"(anonymous_4)","decl":{"start":{"line":36,"column":2},"end":{"line":36,"column":3}},"loc":{"start":{"line":36,"column":24},"end":{"line":51,"column":3}},"line":36},"5":{"name":"(anonymous_5)","decl":{"start":{"line":38,"column":6},"end":{"line":38,"column":7}},"loc":{"start":{"line":38,"column":29},"end":{"line":42,"column":7}},"line":38}},"branchMap":{"0":{"loc":{"start":{"line":12,"column":4},"end":{"line":14,"column":5}},"type":"if","locations":[{"start":{"line":12,"column":4},"end":{"line":14,"column":5}},{"start":{},"end":{}}],"line":12},"1":{"loc":{"start":{"line":17,"column":6},"end":{"line":19,"column":7}},"type":"if","locations":[{"start":{"line":17,"column":6},"end":{"line":19,"column":7}},{"start":{},"end":{}}],"line":17},"2":{"loc":{"start":{"line":20,"column":6},"end":{"line":22,"column":7}},"type":"if","locations":[{"start":{"line":20,"column":6},"end":{"line":22,"column":7}},{"start":{},"end":{}}],"line":20},"3":{"loc":{"start":{"line":23,"column":6},"end":{"line":25,"column":7}},"type":"if","locations":[{"start":{"line":23,"column":6},"end":{"line":25,"column":7}},{"start":{},"end":{}}],"line":23},"4":{"loc":{"start":{"line":23,"column":10},"end":{"line":23,"column":55}},"type":"binary-expr","locations":[{"start":{"line":23,"column":10},"end":{"line":23,"column":30}},{"start":{"line":23,"column":34},"end":{"line":23,"column":55}}],"line":23},"5":{"loc":{"start":{"line":26,"column":6},"end":{"line":26,"column":95}},"type":"if","locations":[{"start":{"line":26,"column":6},"end":{"line":26,"column":95}},{"start":{},"end":{}}],"line":26},"6":{"loc":{"start":{"line":39,"column":8},"end":{"line":40,"column":55}},"type":"if","locations":[{"start":{"line":39,"column":8},"end":{"line":40,"column":55}},{"start":{"line":40,"column":13},"end":{"line":40,"column":55}}],"line":39},"7":{"loc":{"start":{"line":40,"column":13},"end":{"line":40,"column":55}},"type":"if","locations":[{"start":{"line":40,"column":13},"end":{"line":40,"column":55}},{"start":{},"end":{}}],"line":40},"8":{"loc":{"start":{"line":45,"column":4},"end":{"line":49,"column":39}},"type":"if","locations":[{"start":{"line":45,"column":4},"end":{"line":49,"column":39}},{"start":{"line":46,"column":9},"end":{"line":49,"column":39}}],"line":45},"9":{"loc":{"start":{"line":46,"column":9},"end":{"line":49,"column":39}},"type":"if","locations":[{"start":{"line":46,"column":9},"end":{"line":49,"column":39}},{"start":{"line":47,"column":9},"end":{"line":49,"column":39}}],"line":46},"10":{"loc":{"start":{"line":46,"column":13},"end":{"line":46,"column":41}},"type":"binary-expr","locations":[{"start":{"line":46,"column":13},"end":{"line":46,"column":28}},{"start":{"line":46,"column":32},"end":{"line":46,"column":41}}],"line":46},"11":{"loc":{"start":{"line":47,"column":9},"end":{"line":49,"column":39}},"type":"if","locations":[{"start":{"line":47,"column":9},"end":{"line":49,"column":39}},{"start":{"line":48,"column":9},"end":{"line":49,"column":39}}],"line":47},"12":{"loc":{"start":{"line":48,"column":9},"end":{"line":49,"column":39}},"type":"if","locations":[{"start":{"line":48,"column":9},"end":{"line":49,"column":39}},{"start":{"line":49,"column":9},"end":{"line":49,"column":39}}],"line":48},"13":{"loc":{"start":{"line":49,"column":9},"end":{"line":49,"column":39}},"type":"if","locations":[{"start":{"line":49,"column":9},"end":{"line":49,"column":39}},{"start":{},"end":{}}],"line":49}},"s":{"0":15,"1":10,"2":15,"3":1,"4":14,"5":75,"6":75,"7":1,"8":74,"9":1,"10":73,"11":1,"12":72,"13":1,"14":71,"15":71,"16":10,"17":56,"18":10,"19":60,"20":13,"21":47,"22":2,"23":60,"24":10,"25":1,"26":9,"27":0,"28":9,"29":0,"30":9,"31":0,"32":9,"33":1,"34":8},"f":{"0":15,"1":75,"2":10,"3":56,"4":10,"5":60},"b":{"0":[1,14],"1":[1,74],"2":[1,73],"3":[1,72],"4":[73,72],"5":[1,71],"6":[13,47],"7":[2,45],"8":[1,9],"9":[0,9],"10":[9,0],"11":[0,9],"12":[0,9],"13":[1,8]},"_coverageSchema":"1a1c01bbd47fc00a2c39e90264f33305004495a9","hash":"d2934078633997b312c607b1af0130f7640af735"}
,"D:\\우테코프리코스\\javascript-lotto-7\\src\\ParseInput.js": {"path":"D:\\우테코프리코스\\javascript-lotto-7\\src\\ParseInput.js","statementMap":{"0":{"start":{"line":7,"column":4},"end":{"line":7,"column":20}},"1":{"start":{"line":8,"column":4},"end":{"line":8,"column":23}},"2":{"start":{"line":9,"column":4},"end":{"line":9,"column":20}},"3":{"start":{"line":12,"column":18},"end":{"line":12,"column":39}},"4":{"start":{"line":13,"column":23},"end":{"line":13,"column":46}},"5":{"start":{"line":14,"column":4},"end":{"line":15,"column":80}},"6":{"start":{"line":14,"column":28},"end":{"line":14,"column":75}},"7":{"start":{"line":15,"column":9},"end":{"line":15,"column":80}},"8":{"start":{"line":15,"column":25},"end":{"line":15,"column":80}},"9":{"start":{"line":16,"column":4},"end":{"line":16,"column":93}},"10":{"start":{"line":16,"column":39},"end":{"line":16,"column":93}},"11":{"start":{"line":17,"column":4},"end":{"line":17,"column":24}},"12":{"start":{"line":18,"column":4},"end":{"line":18,"column":23}},"13":{"start":{"line":22,"column":4},"end":{"line":28,"column":13}},"14":{"start":{"line":23,"column":22},"end":{"line":23,"column":37}},"15":{"start":{"line":25,"column":8},"end":{"line":25,"column":96}},"16":{"start":{"line":25,"column":40},"end":{"line":25,"column":96}},"17":{"start":{"line":26,"column":8},"end":{"line":26,"column":31}},"18":{"start":{"line":27,"column":8},"end":{"line":27,"column":24}},"19":{"start":{"line":29,"column":4},"end":{"line":29,"column":25}},"20":{"start":{"line":33,"column":4},"end":{"line":33,"column":79}},"21":{"start":{"line":33,"column":28},"end":{"line":33,"column":79}},"22":{"start":{"line":34,"column":24},"end":{"line":34,"column":46}},"23":{"start":{"line":35,"column":4},"end":{"line":38,"column":62}},"24":{"start":{"line":35,"column":34},"end":{"line":35,"column":93}},"25":{"start":{"line":36,"column":9},"end":{"line":38,"column":62}},"26":{"start":{"line":36,"column":41},"end":{"line":36,"column":53}},"27":{"start":{"line":36,"column":56},"end":{"line":36,"column":105}},"28":{"start":{"line":37,"column":9},"end":{"line":38,"column":62}},"29":{"start":{"line":37,"column":40},"end":{"line":37,"column":55}},"30":{"start":{"line":37,"column":73},"end":{"line":37,"column":96}},"31":{"start":{"line":38,"column":6},"end":{"line":38,"column":62}},"32":{"start":{"line":39,"column":23},"end":{"line":39,"column":79}},"33":{"start":{"line":39,"column":61},"end":{"line":39,"column":78}},"34":{"start":{"line":40,"column":4},"end":{"line":40,"column":118}},"35":{"start":{"line":40,"column":35},"end":{"line":40,"column":59}},"36":{"start":{"line":40,"column":62},"end":{"line":40,"column":118}},"37":{"start":{"line":41,"column":4},"end":{"line":41,"column":45}},"38":{"start":{"line":44,"column":18},"end":{"line":44,"column":39}},"39":{"start":{"line":45,"column":23},"end":{"line":45,"column":46}},"40":{"start":{"line":46,"column":4},"end":{"line":47,"column":80}},"41":{"start":{"line":46,"column":28},"end":{"line":46,"column":75}},"42":{"start":{"line":47,"column":9},"end":{"line":47,"column":80}},"43":{"start":{"line":47,"column":25},"end":{"line":47,"column":80}},"44":{"start":{"line":48,"column":4},"end":{"line":48,"column":93}},"45":{"start":{"line":48,"column":39},"end":{"line":48,"column":93}},"46":{"start":{"line":49,"column":4},"end":{"line":49,"column":24}},"47":{"start":{"line":50,"column":4},"end":{"line":50,"column":23}}},"fnMap":{"0":{"name":"(anonymous_0)","decl":{"start":{"line":6,"column":2},"end":{"line":6,"column":3}},"loc":{"start":{"line":6,"column":16},"end":{"line":10,"column":3}},"line":6},"1":{"name":"(anonymous_1)","decl":{"start":{"line":11,"column":2},"end":{"line":11,"column":3}},"loc":{"start":{"line":11,"column":26},"end":{"line":19,"column":3}},"line":11},"2":{"name":"(anonymous_2)","decl":{"start":{"line":23,"column":11},"end":{"line":23,"column":12}},"loc":{"start":{"line":23,"column":22},"end":{"line":23,"column":37}},"line":23},"3":{"name":"(anonymous_3)","decl":{"start":{"line":24,"column":14},"end":{"line":24,"column":15}},"loc":{"start":{"line":24,"column":37},"end":{"line":28,"column":7}},"line":24},"4":{"name":"(anonymous_4)","decl":{"start":{"line":32,"column":2},"end":{"line":32,"column":3}},"loc":{"start":{"line":32,"column":28},"end":{"line":42,"column":3}},"line":32},"5":{"name":"(anonymous_5)","decl":{"start":{"line":36,"column":30},"end":{"line":36,"column":31}},"loc":{"start":{"line":36,"column":41},"end":{"line":36,"column":53}},"line":36},"6":{"name":"(anonymous_6)","decl":{"start":{"line":37,"column":29},"end":{"line":37,"column":30}},"loc":{"start":{"line":37,"column":40},"end":{"line":37,"column":55}},"line":37},"7":{"name":"(anonymous_7)","decl":{"start":{"line":37,"column":62},"end":{"line":37,"column":63}},"loc":{"start":{"line":37,"column":73},"end":{"line":37,"column":96}},"line":37},"8":{"name":"(anonymous_8)","decl":{"start":{"line":39,"column":50},"end":{"line":39,"column":51}},"loc":{"start":{"line":39,"column":61},"end":{"line":39,"column":78}},"line":39},"9":{"name":"(anonymous_9)","decl":{"start":{"line":40,"column":24},"end":{"line":40,"column":25}},"loc":{"start":{"line":40,"column":35},"end":{"line":40,"column":59}},"line":40},"10":{"name":"(anonymous_10)","decl":{"start":{"line":43,"column":2},"end":{"line":43,"column":3}},"loc":{"start":{"line":43,"column":26},"end":{"line":51,"column":3}},"line":43}},"branchMap":{"0":{"loc":{"start":{"line":14,"column":4},"end":{"line":15,"column":80}},"type":"if","locations":[{"start":{"line":14,"column":4},"end":{"line":15,"column":80}},{"start":{"line":15,"column":9},"end":{"line":15,"column":80}}],"line":14},"1":{"loc":{"start":{"line":15,"column":9},"end":{"line":15,"column":80}},"type":"if","locations":[{"start":{"line":15,"column":9},"end":{"line":15,"column":80}},{"start":{},"end":{}}],"line":15},"2":{"loc":{"start":{"line":16,"column":4},"end":{"line":16,"column":93}},"type":"if","locations":[{"start":{"line":16,"column":4},"end":{"line":16,"column":93}},{"start":{},"end":{}}],"line":16},"3":{"loc":{"start":{"line":25,"column":8},"end":{"line":25,"column":96}},"type":"if","locations":[{"start":{"line":25,"column":8},"end":{"line":25,"column":96}},{"start":{},"end":{}}],"line":25},"4":{"loc":{"start":{"line":33,"column":4},"end":{"line":33,"column":79}},"type":"if","locations":[{"start":{"line":33,"column":4},"end":{"line":33,"column":79}},{"start":{},"end":{}}],"line":33},"5":{"loc":{"start":{"line":35,"column":4},"end":{"line":38,"column":62}},"type":"if","locations":[{"start":{"line":35,"column":4},"end":{"line":38,"column":62}},{"start":{"line":36,"column":9},"end":{"line":38,"column":62}}],"line":35},"6":{"loc":{"start":{"line":36,"column":9},"end":{"line":38,"column":62}},"type":"if","locations":[{"start":{"line":36,"column":9},"end":{"line":38,"column":62}},{"start":{"line":37,"column":9},"end":{"line":38,"column":62}}],"line":36},"7":{"loc":{"start":{"line":37,"column":9},"end":{"line":38,"column":62}},"type":"if","locations":[{"start":{"line":37,"column":9},"end":{"line":38,"column":62}},{"start":{},"end":{}}],"line":37},"8":{"loc":{"start":{"line":37,"column":73},"end":{"line":37,"column":96}},"type":"binary-expr","locations":[{"start":{"line":37,"column":73},"end":{"line":37,"column":83}},{"start":{"line":37,"column":87},"end":{"line":37,"column":96}}],"line":37},"9":{"loc":{"start":{"line":40,"column":4},"end":{"line":40,"column":118}},"type":"if","locations":[{"start":{"line":40,"column":4},"end":{"line":40,"column":118}},{"start":{},"end":{}}],"line":40},"10":{"loc":{"start":{"line":46,"column":4},"end":{"line":47,"column":80}},"type":"if","locations":[{"start":{"line":46,"column":4},"end":{"line":47,"column":80}},{"start":{"line":47,"column":9},"end":{"line":47,"column":80}}],"line":46},"11":{"loc":{"start":{"line":47,"column":9},"end":{"line":47,"column":80}},"type":"if","locations":[{"start":{"line":47,"column":9},"end":{"line":47,"column":80}},{"start":{},"end":{}}],"line":47},"12":{"loc":{"start":{"line":48,"column":4},"end":{"line":48,"column":93}},"type":"if","locations":[{"start":{"line":48,"column":4},"end":{"line":48,"column":93}},{"start":{},"end":{}}],"line":48}},"s":{"0":3,"1":3,"2":3,"3":9,"4":9,"5":9,"6":3,"7":6,"8":2,"9":4,"10":1,"11":3,"12":3,"13":4,"14":24,"15":22,"16":1,"17":21,"18":21,"19":3,"20":12,"21":0,"22":12,"23":12,"24":1,"25":11,"26":61,"27":1,"28":10,"29":60,"30":49,"31":5,"32":5,"33":30,"34":5,"35":25,"36":1,"37":4,"38":10,"39":10,"40":10,"41":1,"42":9,"43":3,"44":6,"45":1,"46":5,"47":5},"f":{"0":3,"1":9,"2":24,"3":22,"4":12,"5":61,"6":60,"7":49,"8":30,"9":25,"10":10},"b":{"0":[3,6],"1":[2,4],"2":[1,3],"3":[1,21],"4":[0,12],"5":[1,11],"6":[1,10],"7":[5,5],"8":[49,47],"9":[1,4],"10":[1,9],"11":[3,6],"12":[1,5]},"_coverageSchema":"1a1c01bbd47fc00a2c39e90264f33305004495a9","hash":"1919e16fb5eb6bcc6b58f7a7b0df0c1506c45925"}
,"D:\\우테코프리코스\\javascript-lotto-7\\src\\PickUp.js": {"path":"D:\\우테코프리코스\\javascript-lotto-7\\src\\PickUp.js","statementMap":{"0":{"start":{"line":11,"column":4},"end":{"line":11,"column":26}},"1":{"start":{"line":12,"column":4},"end":{"line":12,"column":23}},"2":{"start":{"line":13,"column":4},"end":{"line":13,"column":20}},"3":{"start":{"line":16,"column":4},"end":{"line":16,"column":25}},"4":{"start":{"line":20,"column":4},"end":{"line":20,"column":26}},"5":{"start":{"line":21,"column":4},"end":{"line":21,"column":16}},"6":{"start":{"line":25,"column":4},"end":{"line":25,"column":23}},"7":{"start":{"line":29,"column":4},"end":{"line":29,"column":24}},"8":{"start":{"line":30,"column":4},"end":{"line":30,"column":16}},"9":{"start":{"line":34,"column":4},"end":{"line":34,"column":28}},"10":{"start":{"line":37,"column":4},"end":{"line":37,"column":80}},"11":{"start":{"line":40,"column":4},"end":{"line":49,"column":37}},"12":{"start":{"line":41,"column":22},"end":{"line":41,"column":62}},"13":{"start":{"line":43,"column":8},"end":{"line":46,"column":9}},"14":{"start":{"line":44,"column":10},"end":{"line":44,"column":52}},"15":{"start":{"line":45,"column":10},"end":{"line":45,"column":26}},"16":{"start":{"line":47,"column":8},"end":{"line":47,"column":51}},"17":{"start":{"line":48,"column":8},"end":{"line":48,"column":24}}},"fnMap":{"0":{"name":"(anonymous_0)","decl":{"start":{"line":10,"column":2},"end":{"line":10,"column":3}},"loc":{"start":{"line":10,"column":16},"end":{"line":14,"column":3}},"line":10},"1":{"name":"(anonymous_1)","decl":{"start":{"line":15,"column":2},"end":{"line":15,"column":3}},"loc":{"start":{"line":15,"column":15},"end":{"line":17,"column":3}},"line":15},"2":{"name":"(anonymous_2)","decl":{"start":{"line":19,"column":2},"end":{"line":19,"column":3}},"loc":{"start":{"line":19,"column":20},"end":{"line":22,"column":3}},"line":19},"3":{"name":"(anonymous_3)","decl":{"start":{"line":24,"column":2},"end":{"line":24,"column":3}},"loc":{"start":{"line":24,"column":13},"end":{"line":26,"column":3}},"line":24},"4":{"name":"(anonymous_4)","decl":{"start":{"line":28,"column":2},"end":{"line":28,"column":3}},"loc":{"start":{"line":28,"column":18},"end":{"line":31,"column":3}},"line":28},"5":{"name":"(anonymous_5)","decl":{"start":{"line":33,"column":2},"end":{"line":33,"column":3}},"loc":{"start":{"line":33,"column":19},"end":{"line":35,"column":3}},"line":33},"6":{"name":"(anonymous_6)","decl":{"start":{"line":36,"column":2},"end":{"line":36,"column":3}},"loc":{"start":{"line":36,"column":9},"end":{"line":38,"column":3}},"line":36},"7":{"name":"(anonymous_7)","decl":{"start":{"line":39,"column":2},"end":{"line":39,"column":3}},"loc":{"start":{"line":39,"column":17},"end":{"line":50,"column":3}},"line":39},"8":{"name":"(anonymous_8)","decl":{"start":{"line":41,"column":11},"end":{"line":41,"column":12}},"loc":{"start":{"line":41,"column":22},"end":{"line":41,"column":62}},"line":41},"9":{"name":"(anonymous_9)","decl":{"start":{"line":42,"column":14},"end":{"line":42,"column":15}},"loc":{"start":{"line":42,"column":37},"end":{"line":49,"column":7}},"line":42}},"branchMap":{"0":{"loc":{"start":{"line":43,"column":8},"end":{"line":46,"column":9}},"type":"if","locations":[{"start":{"line":43,"column":8},"end":{"line":46,"column":9}},{"start":{},"end":{}}],"line":43}},"s":{"0":3,"1":3,"2":3,"3":1,"4":3,"5":3,"6":1,"7":3,"8":3,"9":5,"10":10,"11":3,"12":10,"13":10,"14":4,"15":4,"16":6,"17":6},"f":{"0":3,"1":1,"2":3,"3":1,"4":3,"5":5,"6":10,"7":3,"8":10,"9":10},"b":{"0":[4,6]},"_coverageSchema":"1a1c01bbd47fc00a2c39e90264f33305004495a9","hash":"b6741ef15bb085ca70a8b3ece2c64e9f5bd4f144"}
,"D:\\우테코프리코스\\javascript-lotto-7\\src\\Utils.js": {"path":"D:\\우테코프리코스\\javascript-lotto-7\\src\\Utils.js","statementMap":{"0":{"start":{"line":5,"column":2},"end":{"line":6,"column":58}},"1":{"start":{"line":6,"column":4},"end":{"line":6,"column":58}},"2":{"start":{"line":7,"column":2},"end":{"line":9,"column":5}},"3":{"start":{"line":8,"column":4},"end":{"line":8,"column":74}},"4":{"start":{"line":13,"column":2},"end":{"line":13,"column":48}}},"fnMap":{"0":{"name":"printLottoArray","decl":{"start":{"line":4,"column":16},"end":{"line":4,"column":31}},"loc":{"start":{"line":4,"column":44},"end":{"line":10,"column":1}},"line":4},"1":{"name":"(anonymous_1)","decl":{"start":{"line":7,"column":21},"end":{"line":7,"column":22}},"loc":{"start":{"line":7,"column":32},"end":{"line":9,"column":3}},"line":7},"2":{"name":"formatNumber","decl":{"start":{"line":12,"column":16},"end":{"line":12,"column":28}},"loc":{"start":{"line":12,"column":37},"end":{"line":14,"column":1}},"line":12}},"branchMap":{"0":{"loc":{"start":{"line":5,"column":2},"end":{"line":6,"column":58}},"type":"if","locations":[{"start":{"line":5,"column":2},"end":{"line":6,"column":58}},{"start":{},"end":{}}],"line":5}},"s":{"0":2,"1":0,"2":2,"3":9,"4":23},"f":{"0":2,"1":9,"2":23},"b":{"0":[0,2]},"_coverageSchema":"1a1c01bbd47fc00a2c39e90264f33305004495a9","hash":"9fcba71caf23b69740bfc89865f43393d1e73827"}
}
