TN:
SF:src\App.js
FN:19,(anonymous_0)
FN:26,(anonymous_1)
FNF:2
FNH:2
FNDA:2,(anonymous_0)
FNDA:2,(anonymous_1)
DA:7,1
DA:20,2
DA:21,2
DA:22,2
DA:23,2
DA:27,2
DA:28,2
DA:31,2
DA:32,3
DA:33,3
DA:34,2
DA:36,1
DA:39,2
DA:41,9
DA:43,2
DA:44,2
DA:45,2
DA:46,2
DA:47,2
DA:48,2
DA:50,0
DA:53,2
DA:54,2
DA:55,2
DA:56,2
DA:58,0
DA:62,2
DA:63,2
DA:65,2
DA:66,2
LF:30
LH:28
BRF:0
BRH:0
end_of_record
TN:
SF:src\Constant.js
FNF:0
FNH:0
DA:1,3
DA:10,3
DA:19,3
LF:3
LH:3
BRF:0
BRH:0
end_of_record
TN:
SF:src\ErrorMessage.js
FNF:0
FNH:0
DA:1,5
DA:7,5
DA:16,5
DA:23,5
DA:31,5
LF:5
LH:5
BRF:0
BRH:0
end_of_record
TN:
SF:src\FormatOutput.js
FN:8,(anonymous_0)
FN:13,(anonymous_1)
FN:15,(anonymous_2)
FN:16,(anonymous_3)
FN:23,(anonymous_4)
FN:28,(anonymous_5)
FN:29,(anonymous_6)
FNF:7
FNH:7
FNDA:3,(anonymous_0)
FNDA:3,(anonymous_1)
FNDA:18,(anonymous_2)
FNDA:15,(anonymous_3)
FNDA:15,(anonymous_4)
FNDA:18,(anonymous_5)
FNDA:15,(anonymous_6)
DA:9,3
DA:10,3
DA:14,3
DA:15,18
DA:17,15
DA:20,15
DA:21,15
DA:24,15
DA:26,3
DA:28,18
DA:30,15
DA:35,3
DA:36,3
DA:37,3
LF:14
LH:14
BRF:0
BRH:0
end_of_record
TN:
SF:src\Lotto.js
FN:6,(anonymous_0)
FN:15,(anonymous_1)
FN:32,(anonymous_2)
FN:33,(anonymous_3)
FN:36,(anonymous_4)
FN:38,(anonymous_5)
FNF:6
FNH:6
FNDA:15,(anonymous_0)
FNDA:75,(anonymous_1)
FNDA:10,(anonymous_2)
FNDA:56,(anonymous_3)
FNDA:10,(anonymous_4)
FNDA:60,(anonymous_5)
DA:7,15
DA:8,10
DA:12,15
DA:13,1
DA:15,14
DA:16,75
DA:17,75
DA:18,1
DA:20,74
DA:21,1
DA:23,73
DA:24,1
DA:26,72
DA:27,71
DA:28,71
DA:33,56
DA:37,10
DA:39,60
DA:40,47
DA:41,60
DA:45,10
DA:46,9
DA:47,9
DA:48,9
DA:49,9
DA:50,8
LF:26
LH:26
BRDA:12,0,0,1
BRDA:12,0,1,14
BRDA:17,1,0,1
BRDA:17,1,1,74
BRDA:20,2,0,1
BRDA:20,2,1,73
BRDA:23,3,0,1
BRDA:23,3,1,72
BRDA:23,4,0,73
BRDA:23,4,1,72
BRDA:26,5,0,1
BRDA:26,5,1,71
BRDA:39,6,0,13
BRDA:39,6,1,47
BRDA:40,7,0,2
BRDA:40,7,1,45
BRDA:45,8,0,1
BRDA:45,8,1,9
BRDA:46,9,0,0
BRDA:46,9,1,9
BRDA:46,10,0,9
BRDA:46,10,1,0
BRDA:47,11,0,0
BRDA:47,11,1,9
BRDA:48,12,0,0
BRDA:48,12,1,9
BRDA:49,13,0,1
BRDA:49,13,1,8
BRF:28
BRH:24
end_of_record
TN:
SF:src\ParseInput.js
FN:6,(anonymous_0)
FN:11,(anonymous_1)
FN:23,(anonymous_2)
FN:24,(anonymous_3)
FN:32,(anonymous_4)
FN:36,(anonymous_5)
FN:37,(anonymous_6)
FN:37,(anonymous_7)
FN:39,(anonymous_8)
FN:40,(anonymous_9)
FN:43,(anonymous_10)
FNF:11
FNH:11
FNDA:3,(anonymous_0)
FNDA:9,(anonymous_1)
FNDA:24,(anonymous_2)
FNDA:22,(anonymous_3)
FNDA:12,(anonymous_4)
FNDA:61,(anonymous_5)
FNDA:60,(anonymous_6)
FNDA:49,(anonymous_7)
FNDA:30,(anonymous_8)
FNDA:25,(anonymous_9)
FNDA:10,(anonymous_10)
DA:7,3
DA:8,3
DA:9,3
DA:12,9
DA:13,9
DA:14,9
DA:15,6
DA:16,4
DA:17,3
DA:18,3
DA:22,4
DA:23,24
DA:25,22
DA:26,21
DA:27,21
DA:29,3
DA:33,12
DA:34,12
DA:35,12
DA:36,61
DA:37,60
DA:38,5
DA:39,30
DA:40,25
DA:41,4
DA:44,10
DA:45,10
DA:46,10
DA:47,9
DA:48,6
DA:49,5
DA:50,5
LF:32
LH:32
BRDA:14,0,0,3
BRDA:14,0,1,6
BRDA:15,1,0,2
BRDA:15,1,1,4
BRDA:16,2,0,1
BRDA:16,2,1,3
BRDA:25,3,0,1
BRDA:25,3,1,21
BRDA:33,4,0,0
BRDA:33,4,1,12
BRDA:35,5,0,1
BRDA:35,5,1,11
BRDA:36,6,0,1
BRDA:36,6,1,10
BRDA:37,7,0,5
BRDA:37,7,1,5
BRDA:37,8,0,49
BRDA:37,8,1,47
BRDA:40,9,0,1
BRDA:40,9,1,4
BRDA:46,10,0,1
BRDA:46,10,1,9
BRDA:47,11,0,3
BRDA:47,11,1,6
BRDA:48,12,0,1
BRDA:48,12,1,5
BRF:26
BRH:25
end_of_record
TN:
SF:src\PickUp.js
FN:10,(anonymous_0)
FN:15,(anonymous_1)
FN:19,(anonymous_2)
FN:24,(anonymous_3)
FN:28,(anonymous_4)
FN:33,(anonymous_5)
FN:36,(anonymous_6)
FN:39,(anonymous_7)
FN:41,(anonymous_8)
FN:42,(anonymous_9)
FNF:10
FNH:10
FNDA:3,(anonymous_0)
FNDA:1,(anonymous_1)
FNDA:3,(anonymous_2)
FNDA:1,(anonymous_3)
FNDA:3,(anonymous_4)
FNDA:5,(anonymous_5)
FNDA:10,(anonymous_6)
FNDA:3,(anonymous_7)
FNDA:10,(anonymous_8)
FNDA:10,(anonymous_9)
DA:11,3
DA:12,3
DA:13,3
DA:16,1
DA:20,3
DA:21,3
DA:25,1
DA:29,3
DA:30,3
DA:34,5
DA:37,10
DA:40,3
DA:41,10
DA:43,10
DA:44,4
DA:45,4
DA:47,6
DA:48,6
LF:18
LH:18
BRDA:43,0,0,4
BRDA:43,0,1,6
BRF:2
BRH:2
end_of_record
TN:
SF:src\Utils.js
FN:4,printLottoArray
FN:7,(anonymous_1)
FN:12,formatNumber
FNF:3
FNH:3
FNDA:2,printLottoArray
FNDA:9,(anonymous_1)
FNDA:23,formatNumber
DA:5,2
DA:6,0
DA:7,2
DA:8,9
DA:13,23
LF:5
LH:4
BRDA:5,0,0,0
BRDA:5,0,1,2
BRF:2
BRH:1
end_of_record
