TN:
SF:src\Lotto.js
FN:7,(anonymous_0)
FN:21,(anonymous_1)
FN:22,(anonymous_2)
FN:29,(anonymous_3)
FN:30,(anonymous_4)
FN:37,(anonymous_5)
FN:40,(anonymous_6)
FN:47,(anonymous_7)
FN:48,(anonymous_8)
FN:51,(anonymous_9)
FN:53,(anonymous_10)
FN:62,(anonymous_11)
FN:64,(anonymous_12)
FN:73,(anonymous_13)
FN:75,(anonymous_14)
FN:83,(anonymous_15)
FNF:16
FNH:7
FNDA:2,(anonymous_0)
FNDA:1,(anonymous_1)
FNDA:5,(anonymous_2)
FNDA:5,(anonymous_3)
FNDA:30,(anonymous_4)
FNDA:0,(anonymous_5)
FNDA:0,(anonymous_6)
FNDA:1,(anonymous_7)
FNDA:5,(anonymous_8)
FNDA:0,(anonymous_9)
FNDA:0,(anonymous_10)
FNDA:0,(anonymous_11)
FNDA:0,(anonymous_12)
FNDA:0,(anonymous_13)
FNDA:0,(anonymous_14)
FNDA:0,(anonymous_15)
DA:8,2
DA:9,1
DA:10,1
DA:11,0
DA:12,0
DA:16,2
DA:17,1
DA:22,1
DA:23,5
DA:24,0
DA:26,5
DA:30,5
DA:31,30
DA:32,1
DA:38,0
DA:39,0
DA:40,0
DA:41,0
DA:42,0
DA:48,5
DA:52,0
DA:53,0
DA:54,0
DA:55,0
DA:56,0
DA:59,0
DA:63,0
DA:64,0
DA:65,0
DA:66,0
DA:70,0
DA:74,0
DA:75,0
DA:76,0
DA:77,0
DA:80,0
DA:84,0
LF:37
LH:12
BRDA:16,0,0,1
BRDA:16,0,1,1
BRDA:23,1,0,0
BRDA:23,1,1,5
BRDA:31,2,0,1
BRDA:31,2,1,29
BRDA:31,3,0,30
BRDA:31,3,1,6
BRDA:41,4,0,0
BRDA:41,4,1,0
BRDA:41,5,0,0
BRDA:41,5,1,0
BRDA:55,6,0,0
BRDA:55,6,1,0
BRDA:65,7,0,0
BRDA:65,7,1,0
BRDA:76,8,0,0
BRDA:76,8,1,0
BRF:18
BRH:7
end_of_record
